# JRE version: OpenJDK Runtime Environment (11.0.11+9) (build 11.0.11+9-b60-7590822)
# Java VM: OpenJDK 64-Bit Server VM (11.0.11+9-b60-7590822, mixed mode, tiered, compressed oops, g1 gc, windows-amd64)
Heap:
 garbage-first heap   total 270336K, used 182551K [0x0000000080000000, 0x0000000100000000)
  region size 1024K, 45 young (46080K), 9 survivors (9216K)
 Metaspace       used 114684K, capacity 117700K, committed 117956K, reserved 1150976K
  class space    used 14370K, capacity 15496K, committed 15616K, reserved 1048576K
GC Heap History (20 events):
Event: 15.800 GC heap before
{Heap before GC invocations=25 (full 0):
 garbage-first heap   total 187392K, used 143242K [0x0000000080000000, 0x0000000100000000)
  region size 1024K, 34 young (34816K), 2 survivors (2048K)
 Metaspace       used 86216K, capacity 88336K, committed 88516K, reserved 1126400K
  class space    used 11003K, capacity 11718K, committed 11776K, reserved 1048576K
}
Event: 15.816 GC heap after
{Heap after GC invocations=26 (full 0):
 garbage-first heap   total 187392K, used 109434K [0x0000000080000000, 0x0000000100000000)
  region size 1024K, 2 young (2048K), 2 survivors (2048K)
 Metaspace       used 86216K, capacity 88336K, committed 88516K, reserved 1126400K
  class space    used 11003K, capacity 11718K, committed 11776K, reserved 1048576K
}
Event: 16.582 GC heap before
{Heap before GC invocations=26 (full 0):
 garbage-first heap   total 187392K, used 144250K [0x0000000080000000, 0x0000000100000000)
  region size 1024K, 36 young (36864K), 2 survivors (2048K)
 Metaspace       used 91112K, capacity 93341K, committed 93508K, reserved 1130496K
  class space    used 11584K, capacity 12347K, committed 12416K, reserved 1048576K
}
Event: 16.591 GC heap after
{Heap after GC invocations=27 (full 0):
 garbage-first heap   total 187392K, used 111734K [0x0000000080000000, 0x0000000100000000)
  region size 1024K, 4 young (4096K), 4 survivors (4096K)
 Metaspace       used 91112K, capacity 93341K, committed 93508K, reserved 1130496K
  class space    used 11584K, capacity 12347K, committed 12416K, reserved 1048576K
}
Event: 17.365 GC heap before
{Heap before GC invocations=28 (full 0):
 garbage-first heap   total 187392K, used 147574K [0x0000000080000000, 0x0000000100000000)
  region size 1024K, 39 young (39936K), 4 survivors (4096K)
 Metaspace       used 93332K, capacity 95800K, committed 95940K, reserved 1132544K
  class space    used 11899K, capacity 12769K, committed 12800K, reserved 1048576K
}
Event: 17.380 GC heap after
{Heap after GC invocations=29 (full 0):
 garbage-first heap   total 225280K, used 114762K [0x0000000080000000, 0x0000000100000000)
  region size 1024K, 5 young (5120K), 5 survivors (5120K)
 Metaspace       used 93332K, capacity 95800K, committed 95940K, reserved 1132544K
  class space    used 11899K, capacity 12769K, committed 12800K, reserved 1048576K
}
Event: 18.250 GC heap before
{Heap before GC invocations=29 (full 0):
 garbage-first heap   total 225280K, used 162890K [0x0000000080000000, 0x0000000100000000)
  region size 1024K, 53 young (54272K), 5 survivors (5120K)
 Metaspace       used 94185K, capacity 96665K, committed 96836K, reserved 1132544K
  class space    used 11964K, capacity 12810K, committed 12928K, reserved 1048576K
}
Event: 18.262 GC heap after
{Heap after GC invocations=30 (full 0):
 garbage-first heap   total 225280K, used 118058K [0x0000000080000000, 0x0000000100000000)
  region size 1024K, 6 young (6144K), 6 survivors (6144K)
 Metaspace       used 94185K, capacity 96665K, committed 96836K, reserved 1132544K
  class space    used 11964K, capacity 12810K, committed 12928K, reserved 1048576K
}
Event: 19.480 GC heap before
{Heap before GC invocations=31 (full 0):
 garbage-first heap   total 225280K, used 168234K [0x0000000080000000, 0x0000000100000000)
  region size 1024K, 55 young (56320K), 6 survivors (6144K)
 Metaspace       used 98861K, capacity 101472K, committed 101572K, reserved 1136640K
  class space    used 12588K, capacity 13559K, committed 13568K, reserved 1048576K
}
Event: 19.498 GC heap after
{Heap after GC invocations=32 (full 0):
 garbage-first heap   total 225280K, used 121100K [0x0000000080000000, 0x0000000100000000)
  region size 1024K, 6 young (6144K), 6 survivors (6144K)
 Metaspace       used 98861K, capacity 101472K, committed 101572K, reserved 1136640K
  class space    used 12588K, capacity 13559K, committed 13568K, reserved 1048576K
}
Event: 20.013 GC heap before
{Heap before GC invocations=32 (full 0):
 garbage-first heap   total 225280K, used 172300K [0x0000000080000000, 0x0000000100000000)
  region size 1024K, 56 young (57344K), 6 survivors (6144K)
 Metaspace       used 102038K, capacity 104723K, committed 104900K, reserved 1140736K
  class space    used 13012K, capacity 13979K, committed 14080K, reserved 1048576K
}
Event: 20.024 GC heap after
{Heap after GC invocations=33 (full 0):
 garbage-first heap   total 225280K, used 122949K [0x0000000080000000, 0x0000000100000000)
  region size 1024K, 5 young (5120K), 5 survivors (5120K)
 Metaspace       used 102038K, capacity 104723K, committed 104900K, reserved 1140736K
  class space    used 13012K, capacity 13979K, committed 14080K, reserved 1048576K
}
Event: 20.729 GC heap before
{Heap before GC invocations=34 (full 0):
 garbage-first heap   total 225280K, used 175173K [0x0000000080000000, 0x0000000100000000)
  region size 1024K, 56 young (57344K), 5 survivors (5120K)
 Metaspace       used 104710K, capacity 107179K, committed 107460K, reserved 1142784K
  class space    used 13293K, capacity 14253K, committed 14336K, reserved 1048576K
}
Event: 20.744 GC heap after
{Heap after GC invocations=35 (full 0):
 garbage-first heap   total 225280K, used 126769K [0x0000000080000000, 0x0000000100000000)
  region size 1024K, 6 young (6144K), 6 survivors (6144K)
 Metaspace       used 104710K, capacity 107179K, committed 107460K, reserved 1142784K
  class space    used 13293K, capacity 14253K, committed 14336K, reserved 1048576K
}
Event: 422.733 GC heap before
{Heap before GC invocations=35 (full 0):
 garbage-first heap   total 225280K, used 177969K [0x0000000080000000, 0x0000000100000000)
  region size 1024K, 57 young (58368K), 6 survivors (6144K)
 Metaspace       used 110063K, capacity 112783K, committed 112836K, reserved 1146880K
  class space    used 13822K, capacity 14812K, committed 14848K, reserved 1048576K
}
Event: 422.769 GC heap after
{Heap after GC invocations=36 (full 0):
 garbage-first heap   total 270336K, used 129389K [0x0000000080000000, 0x0000000100000000)
  region size 1024K, 7 young (7168K), 7 survivors (7168K)
 Metaspace       used 110063K, capacity 112783K, committed 112836K, reserved 1146880K
  class space    used 13822K, capacity 14812K, committed 14848K, reserved 1048576K
}
Event: 1076.373 GC heap before
{Heap before GC invocations=37 (full 0):
 garbage-first heap   total 270336K, used 200045K [0x0000000080000000, 0x0000000100000000)
  region size 1024K, 77 young (78848K), 7 survivors (7168K)
 Metaspace       used 111869K, capacity 114697K, committed 114884K, reserved 1148928K
  class space    used 13994K, capacity 15038K, committed 15104K, reserved 1048576K
}
Event: 1076.395 GC heap after
{Heap after GC invocations=38 (full 0):
 garbage-first heap   total 270336K, used 136229K [0x0000000080000000, 0x0000000100000000)
  region size 1024K, 10 young (10240K), 10 survivors (10240K)
 Metaspace       used 111869K, capacity 114697K, committed 114884K, reserved 1148928K
  class space    used 13994K, capacity 15038K, committed 15104K, reserved 1048576K
}
Event: 1077.859 GC heap before
{Heap before GC invocations=38 (full 0):
 garbage-first heap   total 270336K, used 204837K [0x0000000080000000, 0x0000000100000000)
  region size 1024K, 78 young (79872K), 10 survivors (10240K)
 Metaspace       used 114575K, capacity 117572K, committed 117700K, reserved 1150976K
  class space    used 14370K, capacity 15496K, committed 15616K, reserved 1048576K
}
Event: 1077.891 GC heap after
{Heap after GC invocations=39 (full 0):
 garbage-first heap   total 270336K, used 144663K [0x0000000080000000, 0x0000000100000000)
  region size 1024K, 9 young (9216K), 9 survivors (9216K)
 Metaspace       used 114575K, capacity 117572K, committed 117700K, reserved 1150976K
  class space    used 14370K, capacity 15496K, committed 15616K, reserved 1048576K
}

