# JRE version: OpenJDK Runtime Environment (11.0.11+9) (build 11.0.11+9-b60-7590822)
# Java VM: OpenJDK 64-Bit Server VM (11.0.11+9-b60-7590822, mixed mode, tiered, compressed oops, g1 gc, windows-amd64)
Heap:
 garbage-first heap   total 187392K, used 114221K [0x0000000080000000, 0x0000000100000000)
  region size 1024K, 58 young (59392K), 6 survivors (6144K)
 Metaspace       used 74547K, capacity 76058K, committed 76320K, reserved 1116160K
  class space    used 9560K, capacity 10163K, committed 10188K, reserved 1048576K
GC Heap History (20 events):
Event: 3.391 GC heap before
{Heap before GC invocations=1 (full 0):
 garbage-first heap   total 129024K, used 82445K [0x0000000080000000, 0x0000000100000000)
  region size 1024K, 75 young (76800K), 2 survivors (2048K)
 Metaspace       used 16777K, capacity 17234K, committed 17536K, reserved 1064960K
  class space    used 1931K, capacity 2068K, committed 2176K, reserved 1048576K
}
Event: 3.403 GC heap after
{Heap after GC invocations=2 (full 0):
 garbage-first heap   total 129024K, used 15484K [0x0000000080000000, 0x0000000100000000)
  region size 1024K, 10 young (10240K), 10 survivors (10240K)
 Metaspace       used 16777K, capacity 17234K, committed 17536K, reserved 1064960K
  class space    used 1931K, capacity 2068K, committed 2176K, reserved 1048576K
}
Event: 3.958 GC heap before
{Heap before GC invocations=2 (full 0):
 garbage-first heap   total 129024K, used 49276K [0x0000000080000000, 0x0000000100000000)
  region size 1024K, 44 young (45056K), 10 survivors (10240K)
 Metaspace       used 20696K, capacity 21172K, committed 21296K, reserved 1069056K
  class space    used 2532K, capacity 2660K, committed 2688K, reserved 1048576K
}
Event: 3.972 GC heap after
{Heap after GC invocations=3 (full 0):
 garbage-first heap   total 129024K, used 17006K [0x0000000080000000, 0x0000000100000000)
  region size 1024K, 2 young (2048K), 2 survivors (2048K)
 Metaspace       used 20696K, capacity 21172K, committed 21296K, reserved 1069056K
  class space    used 2532K, capacity 2660K, committed 2688K, reserved 1048576K
}
Event: 5.303 GC heap before
{Heap before GC invocations=4 (full 0):
 garbage-first heap   total 129024K, used 75374K [0x0000000080000000, 0x0000000100000000)
  region size 1024K, 59 young (60416K), 2 survivors (2048K)
 Metaspace       used 26463K, capacity 27094K, committed 27264K, reserved 1073152K
  class space    used 3467K, capacity 3683K, committed 3712K, reserved 1048576K
}
Event: 5.309 GC heap after
{Heap after GC invocations=5 (full 0):
 garbage-first heap   total 129024K, used 18942K [0x0000000080000000, 0x0000000100000000)
  region size 1024K, 4 young (4096K), 4 survivors (4096K)
 Metaspace       used 26463K, capacity 27094K, committed 27264K, reserved 1073152K
  class space    used 3467K, capacity 3683K, committed 3712K, reserved 1048576K
}
Event: 7.170 GC heap before
{Heap before GC invocations=5 (full 0):
 garbage-first heap   total 129024K, used 72190K [0x0000000080000000, 0x0000000100000000)
  region size 1024K, 57 young (58368K), 4 survivors (4096K)
 Metaspace       used 35115K, capacity 35850K, committed 36048K, reserved 1081344K
  class space    used 4566K, capacity 4863K, committed 4864K, reserved 1048576K
}
Event: 7.190 GC heap after
{Heap after GC invocations=6 (full 0):
 garbage-first heap   total 129024K, used 22446K [0x0000000080000000, 0x0000000100000000)
  region size 1024K, 7 young (7168K), 7 survivors (7168K)
 Metaspace       used 35115K, capacity 35850K, committed 36048K, reserved 1081344K
  class space    used 4566K, capacity 4863K, committed 4864K, reserved 1048576K
}
Event: 9.077 GC heap before
{Heap before GC invocations=7 (full 0):
 garbage-first heap   total 129024K, used 89006K [0x0000000080000000, 0x0000000100000000)
  region size 1024K, 70 young (71680K), 7 survivors (7168K)
 Metaspace       used 40122K, capacity 41049K, committed 41296K, reserved 1085440K
  class space    used 5123K, capacity 5503K, committed 5504K, reserved 1048576K
}
Event: 9.104 GC heap after
{Heap after GC invocations=8 (full 0):
 garbage-first heap   total 155648K, used 28421K [0x0000000080000000, 0x0000000100000000)
  region size 1024K, 9 young (9216K), 9 survivors (9216K)
 Metaspace       used 40122K, capacity 41049K, committed 41296K, reserved 1085440K
  class space    used 5123K, capacity 5503K, committed 5504K, reserved 1048576K
}
Event: 10.445 GC heap before
{Heap before GC invocations=8 (full 0):
 garbage-first heap   total 155648K, used 102149K [0x0000000080000000, 0x0000000100000000)
  region size 1024K, 81 young (82944K), 9 survivors (9216K)
 Metaspace       used 46603K, capacity 47696K, committed 47952K, reserved 1091584K
  class space    used 6004K, capacity 6433K, committed 6528K, reserved 1048576K
}
Event: 10.463 GC heap after
{Heap after GC invocations=9 (full 0):
 garbage-first heap   total 155648K, used 30583K [0x0000000080000000, 0x0000000100000000)
  region size 1024K, 8 young (8192K), 8 survivors (8192K)
 Metaspace       used 46603K, capacity 47696K, committed 47952K, reserved 1091584K
  class space    used 6004K, capacity 6433K, committed 6528K, reserved 1048576K
}
Event: 13.179 GC heap before
{Heap before GC invocations=9 (full 0):
 garbage-first heap   total 155648K, used 114551K [0x0000000080000000, 0x0000000100000000)
  region size 1024K, 82 young (83968K), 8 survivors (8192K)
 Metaspace       used 51035K, capacity 52251K, committed 52560K, reserved 1095680K
  class space    used 6495K, capacity 6948K, committed 7040K, reserved 1048576K
}
Event: 13.199 GC heap after
{Heap after GC invocations=10 (full 0):
 garbage-first heap   total 155648K, used 48740K [0x0000000080000000, 0x0000000100000000)
  region size 1024K, 11 young (11264K), 11 survivors (11264K)
 Metaspace       used 51035K, capacity 52251K, committed 52560K, reserved 1095680K
  class space    used 6495K, capacity 6948K, committed 7040K, reserved 1048576K
}
Event: 14.682 GC heap before
{Heap before GC invocations=10 (full 0):
 garbage-first heap   total 155648K, used 103012K [0x0000000080000000, 0x0000000100000000)
  region size 1024K, 65 young (66560K), 11 survivors (11264K)
 Metaspace       used 58763K, capacity 60100K, committed 60240K, reserved 1101824K
  class space    used 7416K, capacity 7980K, committed 8064K, reserved 1048576K
}
Event: 14.705 GC heap after
{Heap after GC invocations=11 (full 0):
 garbage-first heap   total 155648K, used 52314K [0x0000000080000000, 0x0000000100000000)
  region size 1024K, 3 young (3072K), 3 survivors (3072K)
 Metaspace       used 58763K, capacity 60100K, committed 60240K, reserved 1101824K
  class space    used 7416K, capacity 7980K, committed 8064K, reserved 1048576K
}
Event: 16.406 GC heap before
{Heap before GC invocations=12 (full 0):
 garbage-first heap   total 155648K, used 113754K [0x0000000080000000, 0x0000000100000000)
  region size 1024K, 63 young (64512K), 3 survivors (3072K)
 Metaspace       used 65340K, capacity 66834K, committed 67104K, reserved 1107968K
  class space    used 8223K, capacity 8786K, committed 8908K, reserved 1048576K
}
Event: 16.423 GC heap after
{Heap after GC invocations=13 (full 0):
 garbage-first heap   total 187392K, used 57273K [0x0000000080000000, 0x0000000100000000)
  region size 1024K, 8 young (8192K), 8 survivors (8192K)
 Metaspace       used 65340K, capacity 66834K, committed 67104K, reserved 1107968K
  class space    used 8223K, capacity 8786K, committed 8908K, reserved 1048576K
}
Event: 18.039 GC heap before
{Heap before GC invocations=14 (full 0):
 garbage-first heap   total 187392K, used 129977K [0x0000000080000000, 0x0000000100000000)
  region size 1024K, 79 young (80896K), 8 survivors (8192K)
 Metaspace       used 68762K, capacity 70298K, committed 70560K, reserved 1110016K
  class space    used 8643K, capacity 9230K, committed 9292K, reserved 1048576K
}
Event: 18.062 GC heap after
{Heap after GC invocations=15 (full 0):
 garbage-first heap   total 187392K, used 61997K [0x0000000080000000, 0x0000000100000000)
  region size 1024K, 6 young (6144K), 6 survivors (6144K)
 Metaspace       used 68762K, capacity 70298K, committed 70560K, reserved 1110016K
  class space    used 8643K, capacity 9230K, committed 9292K, reserved 1048576K
}

