# JRE version: OpenJDK Runtime Environment (11.0.11+9) (build 11.0.11+9-b60-7590822)
# Java VM: OpenJDK 64-Bit Server VM (11.0.11+9-b60-7590822, mixed mode, tiered, compressed oops, g1 gc, windows-amd64)
Heap:
 garbage-first heap   total 155648K, used 106292K [0x0000000080000000, 0x0000000100000000)
  region size 1024K, 41 young (41984K), 8 survivors (8192K)
 Metaspace       used 60122K, capacity 61867K, committed 62108K, reserved 1103872K
  class space    used 7607K, capacity 8194K, committed 8268K, reserved 1048576K
GC Heap History (20 events):
Event: 5.788 GC heap before
{Heap before GC invocations=3 (full 0):
 garbage-first heap   total 129024K, used 52712K [0x0000000080000000, 0x0000000100000000)
  region size 1024K, 44 young (45056K), 4 survivors (4096K)
 Metaspace       used 17761K, capacity 18169K, committed 18432K, reserved 1064960K
  class space    used 2074K, capacity 2204K, committed 2304K, reserved 1048576K
}
Event: 5.800 GC heap after
{Heap after GC invocations=4 (full 0):
 garbage-first heap   total 129024K, used 15970K [0x0000000080000000, 0x0000000100000000)
  region size 1024K, 6 young (6144K), 6 survivors (6144K)
 Metaspace       used 17761K, capacity 18169K, committed 18432K, reserved 1064960K
  class space    used 2074K, capacity 2204K, committed 2304K, reserved 1048576K
}
Event: 6.584 GC heap before
{Heap before GC invocations=4 (full 0):
 garbage-first heap   total 129024K, used 42594K [0x0000000080000000, 0x0000000100000000)
  region size 1024K, 33 young (33792K), 6 survivors (6144K)
 Metaspace       used 20711K, capacity 21182K, committed 21296K, reserved 1069056K
  class space    used 2529K, capacity 2676K, committed 2688K, reserved 1048576K
}
Event: 6.595 GC heap after
{Heap after GC invocations=5 (full 0):
 garbage-first heap   total 129024K, used 17605K [0x0000000080000000, 0x0000000100000000)
  region size 1024K, 2 young (2048K), 2 survivors (2048K)
 Metaspace       used 20711K, capacity 21182K, committed 21296K, reserved 1069056K
  class space    used 2529K, capacity 2676K, committed 2688K, reserved 1048576K
}
Event: 7.586 GC heap before
{Heap before GC invocations=6 (full 0):
 garbage-first heap   total 129024K, used 64709K [0x0000000080000000, 0x0000000100000000)
  region size 1024K, 49 young (50176K), 2 survivors (2048K)
 Metaspace       used 25633K, capacity 26271K, committed 26620K, reserved 1073152K
  class space    used 3318K, capacity 3548K, committed 3660K, reserved 1048576K
}
Event: 7.595 GC heap after
{Heap after GC invocations=7 (full 0):
 garbage-first heap   total 129024K, used 19449K [0x0000000080000000, 0x0000000100000000)
  region size 1024K, 3 young (3072K), 3 survivors (3072K)
 Metaspace       used 25633K, capacity 26271K, committed 26620K, reserved 1073152K
  class space    used 3318K, capacity 3548K, committed 3660K, reserved 1048576K
}
Event: 9.883 GC heap before
{Heap before GC invocations=7 (full 0):
 garbage-first heap   total 129024K, used 93177K [0x0000000080000000, 0x0000000100000000)
  region size 1024K, 67 young (68608K), 3 survivors (3072K)
 Metaspace       used 32470K, capacity 33422K, committed 33660K, reserved 1079296K
  class space    used 4382K, capacity 4716K, committed 4812K, reserved 1048576K
}
Event: 9.909 GC heap after
{Heap after GC invocations=8 (full 0):
 garbage-first heap   total 129024K, used 32760K [0x0000000080000000, 0x0000000100000000)
  region size 1024K, 7 young (7168K), 7 survivors (7168K)
 Metaspace       used 32470K, capacity 33422K, committed 33660K, reserved 1079296K
  class space    used 4382K, capacity 4716K, committed 4812K, reserved 1048576K
}
Event: 11.959 GC heap before
{Heap before GC invocations=8 (full 0):
 garbage-first heap   total 129024K, used 40952K [0x0000000080000000, 0x0000000100000000)
  region size 1024K, 16 young (16384K), 7 survivors (7168K)
 Metaspace       used 35006K, capacity 35942K, committed 36048K, reserved 1081344K
  class space    used 4558K, capacity 4919K, committed 4940K, reserved 1048576K
}
Event: 11.978 GC heap after
{Heap after GC invocations=9 (full 0):
 garbage-first heap   total 155648K, used 34628K [0x0000000080000000, 0x0000000100000000)
  region size 1024K, 2 young (2048K), 2 survivors (2048K)
 Metaspace       used 35006K, capacity 35942K, committed 36048K, reserved 1081344K
  class space    used 4558K, capacity 4919K, committed 4940K, reserved 1048576K
}
Event: 14.112 GC heap before
{Heap before GC invocations=10 (full 0):
 garbage-first heap   total 155648K, used 88900K [0x0000000080000000, 0x0000000100000000)
  region size 1024K, 53 young (54272K), 2 survivors (2048K)
 Metaspace       used 40607K, capacity 41745K, committed 41884K, reserved 1085440K
  class space    used 5174K, capacity 5589K, committed 5708K, reserved 1048576K
}
Event: 14.125 GC heap after
{Heap after GC invocations=11 (full 0):
 garbage-first heap   total 155648K, used 38777K [0x0000000080000000, 0x0000000100000000)
  region size 1024K, 6 young (6144K), 6 survivors (6144K)
 Metaspace       used 40607K, capacity 41745K, committed 41884K, reserved 1085440K
  class space    used 5174K, capacity 5589K, committed 5708K, reserved 1048576K
}
Event: 16.593 GC heap before
{Heap before GC invocations=12 (full 0):
 garbage-first heap   total 155648K, used 96121K [0x0000000080000000, 0x0000000100000000)
  region size 1024K, 59 young (60416K), 6 survivors (6144K)
 Metaspace       used 44924K, capacity 46236K, committed 46492K, reserved 1089536K
  class space    used 5664K, capacity 6139K, committed 6220K, reserved 1048576K
}
Event: 16.607 GC heap after
{Heap after GC invocations=13 (full 0):
 garbage-first heap   total 155648K, used 45950K [0x0000000080000000, 0x0000000100000000)
  region size 1024K, 5 young (5120K), 5 survivors (5120K)
 Metaspace       used 44924K, capacity 46236K, committed 46492K, reserved 1089536K
  class space    used 5664K, capacity 6139K, committed 6220K, reserved 1048576K
}
Event: 17.678 GC heap before
{Heap before GC invocations=13 (full 0):
 garbage-first heap   total 155648K, used 104318K [0x0000000080000000, 0x0000000100000000)
  region size 1024K, 58 young (59392K), 5 survivors (5120K)
 Metaspace       used 47422K, capacity 48851K, committed 48924K, reserved 1091584K
  class space    used 6067K, capacity 6541K, committed 6604K, reserved 1048576K
}
Event: 17.691 GC heap after
{Heap after GC invocations=14 (full 0):
 garbage-first heap   total 155648K, used 54274K [0x0000000080000000, 0x0000000100000000)
  region size 1024K, 5 young (5120K), 5 survivors (5120K)
 Metaspace       used 47422K, capacity 48851K, committed 48924K, reserved 1091584K
  class space    used 6067K, capacity 6541K, committed 6604K, reserved 1048576K
}
Event: 19.654 GC heap before
{Heap before GC invocations=14 (full 0):
 garbage-first heap   total 155648K, used 106498K [0x0000000080000000, 0x0000000100000000)
  region size 1024K, 57 young (58368K), 5 survivors (5120K)
 Metaspace       used 50242K, capacity 51747K, committed 51868K, reserved 1093632K
  class space    used 6413K, capacity 6919K, committed 6988K, reserved 1048576K
}
Event: 19.664 GC heap after
{Heap after GC invocations=15 (full 0):
 garbage-first heap   total 155648K, used 56299K [0x0000000080000000, 0x0000000100000000)
  region size 1024K, 7 young (7168K), 7 survivors (7168K)
 Metaspace       used 50242K, capacity 51747K, committed 51868K, reserved 1093632K
  class space    used 6413K, capacity 6919K, committed 6988K, reserved 1048576K
}
Event: 21.534 GC heap before
{Heap before GC invocations=15 (full 0):
 garbage-first heap   total 155648K, used 119787K [0x0000000080000000, 0x0000000100000000)
  region size 1024K, 61 young (62464K), 7 survivors (7168K)
 Metaspace       used 55416K, capacity 57031K, committed 57244K, reserved 1099776K
  class space    used 7081K, capacity 7631K, committed 7756K, reserved 1048576K
}
Event: 21.548 GC heap after
{Heap after GC invocations=16 (full 0):
 garbage-first heap   total 155648K, used 73524K [0x0000000080000000, 0x0000000100000000)
  region size 1024K, 8 young (8192K), 8 survivors (8192K)
 Metaspace       used 55416K, capacity 57031K, committed 57244K, reserved 1099776K
  class space    used 7081K, capacity 7631K, committed 7756K, reserved 1048576K
}

