# JRE version: OpenJDK Runtime Environment (11.0.11+9) (build 11.0.11+9-b60-7590822)
# Java VM: OpenJDK 64-Bit Server VM (11.0.11+9-b60-7590822, mixed mode, tiered, compressed oops, g1 gc, windows-amd64)
Heap:
 garbage-first heap   total 225280K, used 102215K [0x0000000080000000, 0x0000000100000000)
  region size 1024K, 9 young (9216K), 9 survivors (9216K)
 Metaspace       used 88880K, capacity 90833K, committed 91092K, reserved 1128448K
  class space    used 11357K, capacity 12119K, committed 12160K, reserved 1048576K
GC Heap History (20 events):
Event: 10.188 GC heap after
{Heap after GC invocations=10 (full 0):
 garbage-first heap   total 155648K, used 28764K [0x0000000080000000, 0x0000000100000000)
  region size 1024K, 12 young (12288K), 12 survivors (12288K)
 Metaspace       used 41904K, capacity 42803K, committed 42960K, reserved 1087488K
  class space    used 5403K, capacity 5782K, committed 5888K, reserved 1048576K
}
Event: 12.034 GC heap before
{Heap before GC invocations=10 (full 0):
 garbage-first heap   total 155648K, used 108636K [0x0000000080000000, 0x0000000100000000)
  region size 1024K, 90 young (92160K), 12 survivors (12288K)
 Metaspace       used 47607K, capacity 48763K, committed 49104K, reserved 1091584K
  class space    used 6082K, capacity 6529K, committed 6656K, reserved 1048576K
}
Event: 12.057 GC heap after
{Heap after GC invocations=11 (full 0):
 garbage-first heap   total 155648K, used 31555K [0x0000000080000000, 0x0000000100000000)
  region size 1024K, 9 young (9216K), 9 survivors (9216K)
 Metaspace       used 47607K, capacity 48763K, committed 49104K, reserved 1091584K
  class space    used 6082K, capacity 6529K, committed 6656K, reserved 1048576K
}
Event: 14.303 GC heap before
{Heap before GC invocations=11 (full 0):
 garbage-first heap   total 155648K, used 122691K [0x0000000080000000, 0x0000000100000000)
  region size 1024K, 90 young (92160K), 9 survivors (9216K)
 Metaspace       used 54918K, capacity 56250K, committed 56400K, reserved 1097728K
  class space    used 6972K, capacity 7448K, committed 7552K, reserved 1048576K
}
Event: 14.336 GC heap after
{Heap after GC invocations=12 (full 0):
 garbage-first heap   total 187392K, used 49566K [0x0000000080000000, 0x0000000100000000)
  region size 1024K, 12 young (12288K), 12 survivors (12288K)
 Metaspace       used 54918K, capacity 56250K, committed 56400K, reserved 1097728K
  class space    used 6972K, capacity 7448K, committed 7552K, reserved 1048576K
}
Event: 15.106 GC heap before
{Heap before GC invocations=12 (full 0):
 garbage-first heap   total 187392K, used 76190K [0x0000000080000000, 0x0000000100000000)
  region size 1024K, 39 young (39936K), 12 survivors (12288K)
 Metaspace       used 58812K, capacity 60099K, committed 60240K, reserved 1101824K
  class space    used 7419K, capacity 7939K, committed 8064K, reserved 1048576K
}
Event: 15.129 GC heap after
{Heap after GC invocations=13 (full 0):
 garbage-first heap   total 187392K, used 52734K [0x0000000080000000, 0x0000000100000000)
  region size 1024K, 3 young (3072K), 3 survivors (3072K)
 Metaspace       used 58812K, capacity 60099K, committed 60240K, reserved 1101824K
  class space    used 7419K, capacity 7939K, committed 8064K, reserved 1048576K
}
Event: 17.443 GC heap before
{Heap before GC invocations=14 (full 0):
 garbage-first heap   total 187392K, used 116222K [0x0000000080000000, 0x0000000100000000)
  region size 1024K, 65 young (66560K), 3 survivors (3072K)
 Metaspace       used 65464K, capacity 66867K, committed 67028K, reserved 1107968K
  class space    used 8240K, capacity 8777K, committed 8832K, reserved 1048576K
}
Event: 17.462 GC heap after
{Heap after GC invocations=15 (full 0):
 garbage-first heap   total 187392K, used 57300K [0x0000000080000000, 0x0000000100000000)
  region size 1024K, 7 young (7168K), 7 survivors (7168K)
 Metaspace       used 65464K, capacity 66867K, committed 67028K, reserved 1107968K
  class space    used 8240K, capacity 8777K, committed 8832K, reserved 1048576K
}
Event: 20.049 GC heap before
{Heap before GC invocations=16 (full 0):
 garbage-first heap   total 187392K, used 122836K [0x0000000080000000, 0x0000000100000000)
  region size 1024K, 71 young (72704K), 7 survivors (7168K)
 Metaspace       used 68436K, capacity 69935K, committed 69972K, reserved 1110016K
  class space    used 8612K, capacity 9196K, committed 9216K, reserved 1048576K
}
Event: 20.069 GC heap after
{Heap after GC invocations=17 (full 0):
 garbage-first heap   total 187392K, used 61151K [0x0000000080000000, 0x0000000100000000)
  region size 1024K, 5 young (5120K), 5 survivors (5120K)
 Metaspace       used 68436K, capacity 69935K, committed 69972K, reserved 1110016K
  class space    used 8612K, capacity 9196K, committed 9216K, reserved 1048576K
}
Event: 22.568 GC heap before
{Heap before GC invocations=17 (full 0):
 garbage-first heap   total 187392K, used 127711K [0x0000000080000000, 0x0000000100000000)
  region size 1024K, 70 young (71680K), 5 survivors (5120K)
 Metaspace       used 75475K, capacity 77045K, committed 77268K, reserved 1116160K
  class space    used 9695K, capacity 10322K, committed 10368K, reserved 1048576K
}
Event: 22.593 GC heap after
{Heap after GC invocations=18 (full 0):
 garbage-first heap   total 187392K, used 65506K [0x0000000080000000, 0x0000000100000000)
  region size 1024K, 4 young (4096K), 4 survivors (4096K)
 Metaspace       used 75475K, capacity 77045K, committed 77268K, reserved 1116160K
  class space    used 9695K, capacity 10322K, committed 10368K, reserved 1048576K
}
Event: 25.146 GC heap before
{Heap before GC invocations=18 (full 0):
 garbage-first heap   total 187392K, used 133090K [0x0000000080000000, 0x0000000100000000)
  region size 1024K, 70 young (71680K), 4 survivors (4096K)
 Metaspace       used 82446K, capacity 84140K, committed 84436K, reserved 1122304K
  class space    used 10653K, capacity 11338K, committed 11392K, reserved 1048576K
}
Event: 25.175 GC heap after
{Heap after GC invocations=19 (full 0):
 garbage-first heap   total 187392K, used 69833K [0x0000000080000000, 0x0000000100000000)
  region size 1024K, 9 young (9216K), 9 survivors (9216K)
 Metaspace       used 82446K, capacity 84140K, committed 84436K, reserved 1122304K
  class space    used 10653K, capacity 11338K, committed 11392K, reserved 1048576K
}
Event: 29.504 GC heap before
{Heap before GC invocations=19 (full 0):
 garbage-first heap   total 187392K, used 136393K [0x0000000080000000, 0x0000000100000000)
  region size 1024K, 75 young (76800K), 9 survivors (9216K)
 Metaspace       used 86968K, capacity 88891K, committed 89172K, reserved 1126400K
  class space    used 11179K, capacity 11946K, committed 12032K, reserved 1048576K
}
Event: 29.534 GC heap after
{Heap after GC invocations=20 (full 0):
 garbage-first heap   total 187392K, used 75952K [0x0000000080000000, 0x0000000100000000)
  region size 1024K, 10 young (10240K), 10 survivors (10240K)
 Metaspace       used 86968K, capacity 88891K, committed 89172K, reserved 1126400K
  class space    used 11179K, capacity 11946K, committed 12032K, reserved 1048576K
}
Event: 31.499 GC heap before
{Heap before GC invocations=20 (full 0):
 garbage-first heap   total 187392K, used 140464K [0x0000000080000000, 0x0000000100000000)
  region size 1024K, 74 young (75776K), 10 survivors (10240K)
 Metaspace       used 88426K, capacity 90444K, committed 90580K, reserved 1128448K
  class space    used 11326K, capacity 12117K, committed 12160K, reserved 1048576K
}
Event: 31.533 GC heap after
{Heap after GC invocations=21 (full 0):
 garbage-first heap   total 187392K, used 86447K [0x0000000080000000, 0x0000000100000000)
  region size 1024K, 10 young (10240K), 10 survivors (10240K)
 Metaspace       used 88426K, capacity 90444K, committed 90580K, reserved 1128448K
  class space    used 11326K, capacity 12117K, committed 12160K, reserved 1048576K
}
Event: 32.670 GC heap before
{Heap before GC invocations=21 (full 0):
 garbage-first heap   total 187392K, used 134575K [0x0000000080000000, 0x0000000100000000)
  region size 1024K, 52 young (53248K), 10 survivors (10240K)
 Metaspace       used 88880K, capacity 90833K, committed 91092K, reserved 1128448K
  class space    used 11357K, capacity 12119K, committed 12160K, reserved 1048576K
}

