# JRE version: OpenJDK Runtime Environment (11.0.11+9) (build 11.0.11+9-b60-7590822)
# Java VM: OpenJDK 64-Bit Server VM (11.0.11+9-b60-7590822, mixed mode, tiered, compressed oops, g1 gc, windows-amd64)
Heap:
 garbage-first heap   total 187392K, used 105010K [0x0000000080000000, 0x0000000100000000)
  region size 1024K, 48 young (49152K), 10 survivors (10240K)
 Metaspace       used 80479K, capacity 82171K, committed 82388K, reserved 1120256K
  class space    used 10413K, capacity 11054K, committed 11136K, reserved 1048576K
GC Heap History (20 events):
Event: 3.947 GC heap before
{Heap before GC invocations=4 (full 0):
 garbage-first heap   total 129024K, used 47485K [0x0000000080000000, 0x0000000100000000)
  region size 1024K, 38 young (38912K), 6 survivors (6144K)
 Metaspace       used 20711K, capacity 21168K, committed 21296K, reserved 1069056K
  class space    used 2532K, capacity 2660K, committed 2688K, reserved 1048576K
}
Event: 3.958 GC heap after
{Heap after GC invocations=5 (full 0):
 garbage-first heap   total 155648K, used 17237K [0x0000000080000000, 0x0000000100000000)
  region size 1024K, 2 young (2048K), 2 survivors (2048K)
 Metaspace       used 20711K, capacity 21168K, committed 21296K, reserved 1069056K
  class space    used 2532K, capacity 2660K, committed 2688K, reserved 1048576K
}
Event: 5.134 GC heap before
{Heap before GC invocations=6 (full 0):
 garbage-first heap   total 155648K, used 74581K [0x0000000080000000, 0x0000000100000000)
  region size 1024K, 58 young (59392K), 2 survivors (2048K)
 Metaspace       used 26390K, capacity 26962K, committed 27008K, reserved 1073152K
  class space    used 3453K, capacity 3683K, committed 3712K, reserved 1048576K
}
Event: 5.142 GC heap after
{Heap after GC invocations=7 (full 0):
 garbage-first heap   total 155648K, used 19201K [0x0000000080000000, 0x0000000100000000)
  region size 1024K, 4 young (4096K), 4 survivors (4096K)
 Metaspace       used 26390K, capacity 26962K, committed 27008K, reserved 1073152K
  class space    used 3453K, capacity 3683K, committed 3712K, reserved 1048576K
}
Event: 6.682 GC heap before
{Heap before GC invocations=7 (full 0):
 garbage-first heap   total 155648K, used 73473K [0x0000000080000000, 0x0000000100000000)
  region size 1024K, 58 young (59392K), 4 survivors (4096K)
 Metaspace       used 35118K, capacity 35910K, committed 36048K, reserved 1081344K
  class space    used 4566K, capacity 4863K, committed 4864K, reserved 1048576K
}
Event: 6.695 GC heap after
{Heap after GC invocations=8 (full 0):
 garbage-first heap   total 155648K, used 22664K [0x0000000080000000, 0x0000000100000000)
  region size 1024K, 7 young (7168K), 7 survivors (7168K)
 Metaspace       used 35118K, capacity 35910K, committed 36048K, reserved 1081344K
  class space    used 4566K, capacity 4863K, committed 4864K, reserved 1048576K
}
Event: 8.578 GC heap before
{Heap before GC invocations=9 (full 0):
 garbage-first heap   total 155648K, used 103560K [0x0000000080000000, 0x0000000100000000)
  region size 1024K, 84 young (86016K), 7 survivors (7168K)
 Metaspace       used 41311K, capacity 42302K, committed 42576K, reserved 1085440K
  class space    used 5311K, capacity 5679K, committed 5760K, reserved 1048576K
}
Event: 8.599 GC heap after
{Heap after GC invocations=10 (full 0):
 garbage-first heap   total 155648K, used 28652K [0x0000000080000000, 0x0000000100000000)
  region size 1024K, 11 young (11264K), 11 survivors (11264K)
 Metaspace       used 41311K, capacity 42302K, committed 42576K, reserved 1085440K
  class space    used 5311K, capacity 5679K, committed 5760K, reserved 1048576K
}
Event: 10.414 GC heap before
{Heap before GC invocations=10 (full 0):
 garbage-first heap   total 155648K, used 108524K [0x0000000080000000, 0x0000000100000000)
  region size 1024K, 89 young (91136K), 11 survivors (11264K)
 Metaspace       used 47470K, capacity 48627K, committed 48720K, reserved 1091584K
  class space    used 6078K, capacity 6528K, committed 6528K, reserved 1048576K
}
Event: 10.435 GC heap after
{Heap after GC invocations=11 (full 0):
 garbage-first heap   total 155648K, used 31465K [0x0000000080000000, 0x0000000100000000)
  region size 1024K, 9 young (9216K), 9 survivors (9216K)
 Metaspace       used 47470K, capacity 48627K, committed 48720K, reserved 1091584K
  class space    used 6078K, capacity 6528K, committed 6528K, reserved 1048576K
}
Event: 12.365 GC heap before
{Heap before GC invocations=11 (full 0):
 garbage-first heap   total 155648K, used 120553K [0x0000000080000000, 0x0000000100000000)
  region size 1024K, 88 young (90112K), 9 survivors (9216K)
 Metaspace       used 53872K, capacity 55153K, committed 55248K, reserved 1097728K
  class space    used 6869K, capacity 7341K, committed 7424K, reserved 1048576K
}
Event: 12.388 GC heap after
{Heap after GC invocations=12 (full 0):
 garbage-first heap   total 187392K, used 49982K [0x0000000080000000, 0x0000000100000000)
  region size 1024K, 11 young (11264K), 11 survivors (11264K)
 Metaspace       used 53872K, capacity 55153K, committed 55248K, reserved 1097728K
  class space    used 6869K, capacity 7341K, committed 7424K, reserved 1048576K
}
Event: 13.311 GC heap before
{Heap before GC invocations=12 (full 0):
 garbage-first heap   total 187392K, used 82750K [0x0000000080000000, 0x0000000100000000)
  region size 1024K, 44 young (45056K), 11 survivors (11264K)
 Metaspace       used 58750K, capacity 60095K, committed 60240K, reserved 1101824K
  class space    used 7416K, capacity 7939K, committed 8064K, reserved 1048576K
}
Event: 13.332 GC heap after
{Heap after GC invocations=13 (full 0):
 garbage-first heap   total 187392K, used 53157K [0x0000000080000000, 0x0000000100000000)
  region size 1024K, 2 young (2048K), 2 survivors (2048K)
 Metaspace       used 58750K, capacity 60095K, committed 60240K, reserved 1101824K
  class space    used 7416K, capacity 7939K, committed 8064K, reserved 1048576K
}
Event: 15.069 GC heap before
{Heap before GC invocations=14 (full 0):
 garbage-first heap   total 187392K, used 119717K [0x0000000080000000, 0x0000000100000000)
  region size 1024K, 67 young (68608K), 2 survivors (2048K)
 Metaspace       used 65674K, capacity 67064K, committed 67412K, reserved 1107968K
  class space    used 8288K, capacity 8842K, committed 8960K, reserved 1048576K
}
Event: 15.083 GC heap after
{Heap after GC invocations=15 (full 0):
 garbage-first heap   total 187392K, used 57412K [0x0000000080000000, 0x0000000100000000)
  region size 1024K, 7 young (7168K), 7 survivors (7168K)
 Metaspace       used 65674K, capacity 67064K, committed 67412K, reserved 1107968K
  class space    used 8288K, capacity 8842K, committed 8960K, reserved 1048576K
}
Event: 16.455 GC heap before
{Heap before GC invocations=16 (full 0):
 garbage-first heap   total 187392K, used 124996K [0x0000000080000000, 0x0000000100000000)
  region size 1024K, 73 young (74752K), 7 survivors (7168K)
 Metaspace       used 68589K, capacity 70095K, committed 70356K, reserved 1110016K
  class space    used 8632K, capacity 9230K, committed 9344K, reserved 1048576K
}
Event: 16.476 GC heap after
{Heap after GC invocations=17 (full 0):
 garbage-first heap   total 187392K, used 62663K [0x0000000080000000, 0x0000000100000000)
  region size 1024K, 10 young (10240K), 10 survivors (10240K)
 Metaspace       used 68589K, capacity 70095K, committed 70356K, reserved 1110016K
  class space    used 8632K, capacity 9230K, committed 9344K, reserved 1048576K
}
Event: 18.853 GC heap before
{Heap before GC invocations=17 (full 0):
 garbage-first heap   total 187392K, used 131271K [0x0000000080000000, 0x0000000100000000)
  region size 1024K, 77 young (78848K), 10 survivors (10240K)
 Metaspace       used 75852K, capacity 77542K, committed 77652K, reserved 1116160K
  class space    used 9762K, capacity 10401K, committed 10496K, reserved 1048576K
}
Event: 18.877 GC heap after
{Heap after GC invocations=18 (full 0):
 garbage-first heap   total 187392K, used 67122K [0x0000000080000000, 0x0000000100000000)
  region size 1024K, 10 young (10240K), 10 survivors (10240K)
 Metaspace       used 75852K, capacity 77542K, committed 77652K, reserved 1116160K
  class space    used 9762K, capacity 10401K, committed 10496K, reserved 1048576K
}

